Bemerkung und Autor

                Autor

+---a---b---c---d---e---f---g---h---+
|                                   |
8   .  -K   .   .   .   .   .   .   8
|                                   |
7   .   .   .   .   .   .   .   .   7
|                                   |
6   .   K   .   .   .   .   .   .   6
|                                   |
5   .   .   .   .   .   .   .   .   5
|                                   |
4   .   .   .   .   .   .   .   .   4
|                                   |
3   .   .   .   .   .   .   .   .   3
|                                   |
2   .   .   .   .   .   .   .   .   2
|                                   |
1   .   .   .   .   .   .   .   T   1
|                                   |
+---a---b---c---d---e---f---g---h---+
  #1                          2 + 1

   1.Th1-h8 # !

  add_to_move_generation_stack:           6
                     play_move:           6
 is_white_king_square_attacked:           1
 is_black_king_square_attacked:           7

Loesung beendet.


Bemerkung und Autor

   1.Th1-h8 # !

  add_to_move_generation_stack:           6
                     play_move:           6
 is_white_king_square_attacked:           1
 is_black_king_square_attacked:           7

Loesung beendet.


nur Bemerkung


+---a---b---c---d---e---f---g---h---+
|                                   |
8   .  -K   .   .   .   .   .   .   8
|                                   |
7   .   .   .   .   .   .   .   .   7
|                                   |
6   .   K   .   .   .   .   .   .   6
|                                   |
5   .   .   .   .   .   .   .   .   5
|                                   |
4   .   .   .   .   .   .   .   .   4
|                                   |
3   .   .   .   .   .   .   .   .   3
|                                   |
2   .   .   .   .   .   .   .   .   2
|                                   |
1   .   .   .   .   .   .   .   T   1
|                                   |
+---a---b---c---d---e---f---g---h---+
  #1                          2 + 1

   1.Th1-h8 # !

  add_to_move_generation_stack:           6
                     play_move:           6
 is_white_king_square_attacked:           1
 is_black_king_square_attacked:           7

Loesung beendet.


nur Bemerkung

   1.Th1-h8 # !

  add_to_move_generation_stack:           6
                     play_move:           6
 is_white_king_square_attacked:           1
 is_black_king_square_attacked:           7

Loesung beendet.



              nur Autor

+---a---b---c---d---e---f---g---h---+
|                                   |
8   .  -K   .   .   .   .   .   .   8
|                                   |
7   .   .   .   .   .   .   .   .   7
|                                   |
6   .   K   .   .   .   .   .   .   6
|                                   |
5   .   .   .   .   .   .   .   .   5
|                                   |
4   .   .   .   .   .   .   .   .   4
|                                   |
3   .   .   .   .   .   .   .   .   3
|                                   |
2   .   .   .   .   .   .   .   .   2
|                                   |
1   .   .   .   .   .   .   .   T   1
|                                   |
+---a---b---c---d---e---f---g---h---+
  #1                          2 + 1

   1.Th1-h8 # !

  add_to_move_generation_stack:           6
                     play_move:           6
 is_white_king_square_attacked:           1
 is_black_king_square_attacked:           7

Loesung beendet.



   1.Th1-h8 # !

  add_to_move_generation_stack:           6
                     play_move:           6
 is_white_king_square_attacked:           1
 is_black_king_square_attacked:           7

Loesung beendet.


