

+---a---b---c---d---e---f---g---h---+
|                                   |
8   D   .   .   .   .   .   .   .   8
|                                   |
7  -L   .   .   .   .   .   .   .   7
|                                   |
6   .   .   .   .   .   .   .   .   6
|                                   |
5   .   .   .   .   .   .   .   .   5
|                                   |
4   .   .   .   .   .   .   .   .   4
|                                   |
3   .   .   .   .   .   .   .   .   3
|                                   |
2   .   .   .   .   .   .   .   .   2
|                                   |
1   .   .   .   .   K   .   .   .   1
|                                   |
+---a---b---c---d---e---f---g---h---+
  h#3.5                2 + 1 + 3 TU

  1  (TU~-~ )
  1...TU~-~   2.La7-d4 Da8-a2   3.Ld4-c3 Da2-b1   4.TU~*b1 [+wTh1]0-0[d2=wT][f1=wT][b1=sK] #
  2  (TU~*a7 )
  3  ([+wTa1]0-0-0 )
  1...[+wTa1]0-0-0[d1=wT]   2.TU~-~ Kc1-c2   3.La7-c5 Td1-a1   4.TU~*a1 TU~*c5[a1=sK] #
  1...[+wTa1]0-0-0[d1=wT]   2.TU~-~ Kc1-c2   3.La7-b6 Td1-a1   4.TU~*a1 TU~*b6[a1=sK] #
  1...[+wTa1]0-0-0[d1=wT]   2.TU~-~ Kc1-c2   3.La7-b8 Td1-a1   4.TU~*a1 TU~*b8[b8=wS][a1=sK] #
  1...[+wTa1]0-0-0[d1=wT]   2.La7-g1 Td1-e1   3.TU~-~ Da8-g2   4.TU~*e1 TU~*g1[e1=sK] #
  1...[+wTa1]0-0-0[d1=wT]   2.La7-d4 Td1-f1   3.Ld4-b2 TU~*b2   4.TU~*f1[b2=wT][f1=sK] Da8-h1 #
  1...[+wTa1]0-0-0[d1=wT]   2.La7-c5 Td1-f1   3.TU~*f1 TU~-~[f1=sK]   4.Lc5-a3 Da8-h1[b2=wT] #
  1...[+wTa1]0-0-0[d1=wT]   2.La7-c5 Td1-f1   3.Lc5-a3 TU~-~   4.TU~*f1[b2=wT][f1=sK] Da8-h1 #
  4  ([+wTh1]0-0 )
  1...[+wTh1]0-0[f1=wT]   2.TU~-~ Tf1-f8   3.La7-b8 Da8-a7   4.TU~*f8[f8=sK] TU~*b8 #
  1...[+wTh1]0-0[f1=wT]   2.TU~-~ Kg1-h2   3.TU~*f1 Da8-f3   4.La7-b8 TU~-~[g3=wL][f1=sK] #
  1...[+wTh1]0-0[f1=wT]   2.TU~-~ Da8-h8   3.TU~*h8 Tf1-f7   4.La7-b8 TU~*b8[h8=sK] #
  1...[+wTh1]0-0[f1=wT]   2.TU~-~ Da8-d8   3.TU~*d8 Tf1-f7   4.La7-b8 TU~*b8[d8=sK][b8=wT] #
  1...[+wTh1]0-0[f1=wT]   2.La7-d4 Tf1-f2   3.Ld4-e5 Kg1-h2[e3=sK]   4.Le5-d4 Da8-f3 #
  1...[+wTh1]0-0[f1=wT]   2.La7-d4 Kg1-h2   3.Ld4-e5 Tf1-f2   4.Le5-d4[e3=sK] Da8-f3 #
  1...[+wTh1]0-0[f1=wT]   2.La7-c5 Tf1-a1   3.Lc5-a3 Da8-b7   4.TU~*a1 TU~*a3[a1=sK] #
  1...[+wTh1]0-0[f1=wT]   2.La7-c5 Tf1-a1   3.Lc5-a3 Da8-b8   4.TU~*a1 TU~*a3[a1=sK] #
  1...[+wTh1]0-0[f1=wT]   2.La7-c5 Da8-a5   3.TU~*a5 Tf1-b1   4.Lc5-a3 TU~*a3[a5=sK] #
  1...[+wTh1]0-0[f1=wT]   2.La7-c5 Da8-a6   3.TU~*a6 Tf1-b1   4.Lc5-a3 TU~*a3[a6=sK] #
  1...[+wTh1]0-0[f1=wT]   2.La7-b6 Tf1-a1   3.Lb6-a5 Da8-b7   4.TU~*a1 TU~*a5[a1=sK] #
  1...[+wTh1]0-0[f1=wT]   2.La7-b6 Tf1-a1   3.Lb6-a5 Da8-b8   4.TU~*a1 TU~*a5[a1=sK] #
  1...[+wTh1]0-0[f1=wT]   2.La7-b6 Tf1-f8   3.Lb6-d8 Da8-b7   4.TU~*f8 TU~*d8[f8=sK] #
  1...[+wTh1]0-0[f1=wT]   2.La7-b6 Tf1-f8   3.Lb6-d8 Da8-a7   4.TU~*f8[f8=sK] TU~*d8 #
  1...[+wTh1]0-0[f1=wT]   2.La7-b6 Da8-a3   3.TU~*a3 Tf1-b1   4.Lb6-a5 TU~*a5[a5=wT][a3=sK] #
  1...[+wTh1]0-0[f1=wT]   2.La7-b6 Da8-h8   3.TU~*h8 Tf1-f7   4.Lb6-d8 TU~*d8[h8=sK][d8=wT] #
  1...[+wTh1]0-0[f1=wT]   2.La7-b6 Da8-b8   3.TU~*b8 Tf1-f7   4.Lb6-d8 TU~*d8[b8=sK] #
  1...[+wTh1]0-0[f1=wT]   2.La7-b8 Tf1-f8   3.TU~-~ Da8-a7   4.TU~*f8 TU~*b8[f8=sK] #
  1...[+wTh1]0-0[f1=wT]   2.La7-b8 Tf1-f8   3.TU~*f8 Da8-a7   4.TU~-~ TU~*b8 #
  1...[+wTh1]0-0[f1=wT]   2.La7-b8 Tf1-f7   3.TU~*f7 Da8-a7   4.TU~-~ TU~*b8 #
  1...[+wTh1]0-0[f1=wT]   2.La7-b8 Da8-a7   3.TU~-~ Tf1-f8   4.TU~*f8 TU~*b8[f8=sK] #
  5  (Ke1-f2 )
  6  (Ke1-d2 )
  7  (Ke1-d1 )
  8  (Ke1-e2 )
  9  (Ke1-f1 )
 10  (Da8-h1 )
 11  (Da8-g2 )
 12  (Da8-f3 )
 13  (Da8-e4 )
 14  (Da8-d5 )
 15  (Da8-c6 )
 16  (Da8-b7 )
  1...Da8-b7   2.La7-c5 [+wTh1]0-0[f1=wT]   3.Lc5-a3 Tf1-a1   4.TU~*a1 TU~*a3[a1=sK] #
  1...Da8-b7   2.La7-b6 [+wTh1]0-0[f1=wT]   3.Lb6-a5 Tf1-a1   4.TU~*a1 TU~*a5[a1=sK] #
 17  (Da8*a7 )
 18  (Da8-h8 )
  1...Da8-h8   2.La7-b8 TU~-~   3.Lb8-g3 Dh8-h1   4.TU~*h1 [+wTa1]0-0-0[f2=wT][h1=sK][d1=wT] #
  1...Da8-h8   2.La7-b8 Dh8-h1   3.TU~*h1 TU~-~   4.Lb8-g3 [+wTa1]0-0-0[h1=sK][d1=wT] #
 19  (Da8-g8 )
  1...Da8-g8   2.TU~*g8 [+wTh1]0-0[f1=wT]   3.TU~-~ Tf1-f7   4.La7-b8 TU~*b8[h8=sK] #
  1...Da8-g8   2.TU~*g8 [+wTh1]0-0[f1=wT]   3.La7-b8 Tf1-f7   4.TU~-~ TU~*b8[h8=sK] #
 20  (Da8-f8 )
 21  (Da8-e8 )
 22  (Da8-d8 )
 23  (Da8-c8 )
 24  (Da8-b8 )
  1...Da8-b8   2.La7-c5 [+wTh1]0-0[f1=wT]   3.Lc5-a3 Tf1-a1   4.TU~*a1 TU~*a3[a1=sK] #
  1...Da8-b8   2.La7-b6 [+wTh1]0-0[f1=wT]   3.Lb6-a5 Tf1-a1   4.TU~*a1 TU~*a5[a1=sK] #
  add_to_move_generation_stack:   673450515
                     play_move:   579140676
 is_white_king_square_attacked:    85508456
 is_black_king_square_attacked:    16008237
                  TI decisions:  3546805719

Loesung beendet.


